<?xml version="1.0" encoding="UTF-8"?>
<!-- Generated by org.testng.reporters.JUnitReportReporter -->
<testsuite hostname="CELSYS036-NCR" failures="0" tests="2" name="tests.tests" time="9.570" errors="0" timestamp="2022-05-13T19:45:49 IST" skipped="0">
  <testcase classname="tests.tests" name="sampleTest" time="0.006"/>
  <system-out/>
  <testcase classname="tests.tests" name="testcal" time="9.564"/>
  <system-out/>
</testsuite> <!-- tests.tests -->
